mode: set
RESPAWN/pkg/config/config.go:41.30,67.2 3 0
RESPAWN/pkg/config/config.go:70.25,74.61 2 0
RESPAWN/pkg/config/config.go:74.61,76.6 1 0
RESPAWN/pkg/config/config.go:79.5,79.57 1 0
RESPAWN/pkg/config/config.go:79.57,81.23 2 0
RESPAWN/pkg/config/config.go:81.23,83.10 1 0
RESPAWN/pkg/config/config.go:85.9,85.60 1 0
RESPAWN/pkg/config/config.go:85.60,87.10 1 0
RESPAWN/pkg/config/config.go:91.5,94.45 2 0
RESPAWN/pkg/config/config.go:94.45,96.6 1 0
RESPAWN/pkg/config/config.go:99.5,99.41 1 0
RESPAWN/pkg/config/config.go:99.41,101.6 1 0
RESPAWN/pkg/config/config.go:103.5,104.15 2 0
RESPAWN/pkg/config/config.go:107.31,109.19 2 0
RESPAWN/pkg/config/config.go:109.19,111.6 1 0
RESPAWN/pkg/config/config.go:113.5,113.66 1 0
RESPAWN/pkg/config/config.go:113.66,115.6 1 0
RESPAWN/pkg/config/config.go:117.5,117.15 1 0
RESPAWN/pkg/config/config.go:121.35,123.33 1 0
RESPAWN/pkg/config/config.go:123.33,125.6 1 0
RESPAWN/pkg/config/config.go:128.5,128.34 1 0
RESPAWN/pkg/config/config.go:128.34,130.6 1 0
RESPAWN/pkg/config/config.go:133.5,133.31 1 0
RESPAWN/pkg/config/config.go:133.31,135.6 1 0
RESPAWN/pkg/config/config.go:138.5,138.28 1 0
RESPAWN/pkg/config/config.go:138.28,140.6 1 0
RESPAWN/pkg/config/config.go:143.5,143.33 1 0
RESPAWN/pkg/config/config.go:143.33,145.6 1 0
RESPAWN/pkg/config/config.go:148.5,148.40 1 0
RESPAWN/pkg/config/config.go:148.40,149.27 1 0
RESPAWN/pkg/config/config.go:149.27,151.10 1 0
RESPAWN/pkg/config/config.go:152.9,152.34 1 0
RESPAWN/pkg/config/config.go:152.34,154.10 1 0
RESPAWN/pkg/config/config.go:158.5,158.56 1 0
RESPAWN/pkg/config/config.go:158.56,160.6 1 0
RESPAWN/pkg/config/config.go:162.5,162.55 1 0
RESPAWN/pkg/config/config.go:162.55,164.6 1 0
RESPAWN/pkg/config/config.go:166.5,166.15 1 0
RESPAWN/pkg/config/config.go:169.55,171.40 2 0
RESPAWN/pkg/config/config.go:171.40,172.24 1 0
RESPAWN/pkg/config/config.go:172.24,174.10 1 0
RESPAWN/pkg/config/config.go:176.5,176.19 1 0
RESPAWN/pkg/config/config.go:180.64,181.40 1 0
RESPAWN/pkg/config/config.go:181.40,182.58 1 0
RESPAWN/pkg/config/config.go:182.58,184.10 1 0
RESPAWN/pkg/config/config.go:186.5,186.17 1 0
